0 0.989992016458678 0.5545347953548925 0.009057089652390604
1 0.9902411579817303 0.6004401690252081 0.028181569278617924
2 0.9901856440394399 0.4770644687310891 0.033262343938637196
3 0.9514576514236182 0.4554333893591755 0.021482425477242995
4 0.989217925438614 0.46930356583227556 0.0214708806321785
5 0.9627174942351933 0.4792490081346794 0.02316236339787875
6 0.9902182405064248 0.5368266665625583 0.034036643400782884
7 0.9472448139088949 0.4365250286641904 0.022286244410755607
8 0.9818729058535982 0.5329899146610704 0.04141679208251553
9 0.990031960482429 0.5270185105573821 0.02252862546578588
10 0.9718509143369408 0.47564277801099375 0.021870495905720266
11 0.9888409144084509 0.46511435599960527 0.0563985010233522
12 0.9529944058750295 0.4621632530362859 0.021490140406870972
13 0.971845506570556 0.4897590861777292 0.006716816598660802
14 0.9875627881553167 0.47592833228841414 0.02184441585721103
15 0.9824405071453242 0.552854275769564 0.023256218617051683
16 0.9627316021515538 0.495263968291507 0.022534513737675232
17 0.9793100967025447 0.5523856494042838 0.022067884043116215
18 0.9079844049665378 0.4412742497020999 0.025557480198858895
19 0.9895894893265993 0.5070051668810577 0.02710081031683692
20 0.9792974515132894 0.4538276832330326 0.03068792888906946
21 0.9594988144777851 0.5214291986565265 0.02301988415192585
22 0.9902805753815254 0.47613205944757936 0.02257629451434695
23 0.9622192232823283 0.5671165538901315 0.055381558808602516
24 0.959846717303835 0.5037867751827426 0.022832947936222037
25 0.981352480387166 0.4663804981253746 0.02939615466345591
26 0.9851511603127171 0.5902107839938272 0.005177689996482382
27 0.9522600391726507 0.541056249434254 0.022044921201821055
28 0.9872089203730662 0.5828805421483435 0.002493259652329549
29 0.9902365445760337 0.45134876776186517 0.021470126094856046
30 0.9882768782741257 0.5357291587728857 0.021482440201859132
31 0.985907192660483 0.5456936143638258 0.03576906028409743
32 0.9627156086309934 0.5285872716081839 0.024589011755411616
33 0.9662214713364184 0.5428747796365734 0.02402662085924584
34 0.9527736728542668 0.4435657965528228 0.0340293979903773
35 0.9844861212544574 0.45475660177289784 0.056704424663333974
36 0.9444845981917303 0.4488975970234337 0.04073158580972469
37 0.9209792072105037 0.48597504086153015 0.011479508179463915
38 0.9159400982001997 0.4624720896108229 0.02158270904432308
39 0.9627147305407316 0.4614264363893081 0.021482425477242995
40 0.9506395671602237 0.4772020899338771 0.04402851932405677
41 0.9822403511623834 0.43388675870658217 0.021469061891920604
42 0.9545152853756749 0.4692381462225008 0.030688025466503288
43 0.9828765713474958 0.4732300520904003 0.05650778483267255
44 0.9369630149686914 0.47895377638142184 0.00998154510398963
45 0.982436152936692 0.5300289749117046 0.022574364169838768
46 0.9612617172684319 0.43208310263803207 0.022051162284903947
47 0.9838839617399957 0.5290322344290719 0.022538526743438314
48 0.9527592530317834 0.5363140639324138 0.02182298785828729
49 0.9595706016696418 0.5013922659415878 0.028903313667504205
50 0.989619569691456 0.4851308667739464 0.02441423460982517
51 0.9841237610709392 0.4563193323889127 0.025544341925456737
52 0.9612107885331294 0.49902201768037735 0.0563919730659701
53 0.9589493883854537 0.5402269865599941 0.04230233359436286
54 0.953399046060877 0.43491564417368245 0.022346280151807618
55 0.9611252280746894 0.5330094054648489 0.02256814569831539
56 0.9842355536139278 0.5621228831308778 0.023811283426105834
57 0.989535677128775 0.5471971237043016 0.030438580815412786
58 0.9900013468780176 0.574967809033245 0.06010538516184899
59 0.9214162315382339 0.4874702874405154 0.028544920233410265
60 0.9444838966768796 0.47668777091352527 0.022862469372821492
61 0.9888408393250718 0.5233378446211172 0.02186948382026138
62 0.9816484115950552 0.49931148517320456 0.05653319583010724
63 0.9897420345128958 0.5165703945083977 0.02206770844711392
64 0.9896380825097926 0.5265107749448485 0.02257748954851191
65 0.9620414270650852 0.5194847998995443 0.021480281767488285
66 0.9001421284956492 0.46824502650991207 0.027372124885234994
67 0.9899957692252065 0.4348432247007954 0.040586965438205835
68 0.917032582048591 0.4812631611591993 0.007849977773968453
69 0.9856714645643454 0.5179276728592642 0.049610479176285416
70 0.9627072988498504 0.5008280846929828 0.021480834529442938
71 0.9534497486577187 0.4913331444517218 0.04069851555565174
72 0.9792896000129774 0.5784212268139844 0.05877269688736714
73 0.9297326440858678 0.3649706390471106 0.009053938816805218
74 0.9611906307644764 0.5898197379805402 0.02816419479282367
75 0.9816482697822335 0.4465762674308325 0.028057907166329277
76 0.9823555024076094 0.5201881780752967 0.00877656392528292
77 0.9850780914224233 0.49707979260273744 0.008776748715330795
78 0.9898034303507145 0.5160273947289016 0.027372124885234994
79 0.9510180057078991 0.5188585146099167 0.021480330896744892
80 0.9455958158533949 0.4748791189009425 0.021476791155754626
81 0.9902365894609586 0.5056443667301685 0.056902645854892575
82 0.9760818410431911 0.5453625626458216 0.02176738570033726
83 0.9374283148358424 0.46253279325905994 0.0214767980993964
84 0.9793030367039567 0.485076909836285 0.033290978711198016
85 0.957194392167658 0.48005151527679113 0.037307061901947325
86 0.982436152936692 0.5046913724503889 0.0282461412779777
87 0.9828776221052664 0.49231475574134576 0.021468238501248404
88 0.984233626058002 0.4926855367324382 0.022431716979643135
89 0.9772520903518178 0.5721966692422776 0.0458891035842407
90 0.9902365445760337 0.49878655260619986 0.00877644732487537
91 0.9407211596823415 0.5274955351974683 0.05790326040024846
92 0.9241155376398322 0.41037264036395527 0.021473908034077616
93 0.9886072518387188 0.5878500558908398 0.057063570291369325
94 0.9735750005304185 0.5203733562284616 0.021833583012623725
95 0.973599665478589 0.549131842191286 0.02895009770450091
96 0.9493038000642173 0.5343242023827355 0.008777118303491649
97 0.989585279221284 0.4401937480053568 0.021476791155754626
98 0.962775430564119 0.5162841425009461 0.012106365777025396
99 0.9902801329649723 0.510380562446576 0.04594667343397929
100 0.9901969107857405 0.5056373810312439 0.040979860225215214
101 0.9898739806631056 0.5346107090384667 0.05704046363091636
102 0.9900389393201461 0.5173979821581397 0.02212271911993252
103 0.9901869341108926 0.525030458318287 0.049974933800376764
104 0.9899933622126382 0.47942577081359267 0.022085638954617903
105 0.9622268345680162 0.521308333146796 0.047131242768239046
106 0.9902365445760337 0.4911284139037078 0.008777118303491649
107 0.9902365445760337 0.5091406013844983 0.059269471525660866
108 0.971845506570556 0.4836022119693586 0.02243150020041773
109 0.9844406708541682 0.480182615860746 0.022345451286212792
110 0.9619629229631863 0.5242116431259052 0.057039536930219126
111 0.9627156827536472 0.5059309487962378 0.02147678488653204
112 0.982436152936692 0.5005899979977202 0.012083191173653252
113 0.9620177698531815 0.550804059702488 0.02212285987453011
114 0.9619663394832283 0.49579659704775325 0.025000074504658576
115 0.9900293545057364 0.5217219575273405 0.040794406933911675
116 0.9901057137113465 0.5655305666970019 0.02578127009058384
117 0.9900568370517739 0.5025601342665841 0.03140690642690552
118 0.9607573157747533 0.46110859375341673 0.02186948382026138
119 0.9578236248522529 0.5780275245226147 0.008777118303491649
120 0.9657976223567626 0.4978843541406862 0.02992097558451995
121 0.9621351337798556 0.5501819728011994 0.031045064395958444
122 0.9661894884687141 0.4735508574692918 0.021468058766727527
123 0.9843996891932109 0.49930145048018354 0.05715848622970382
124 0.937093858209589 0.46443475050531013 0.022301949256485654
125 0.9550596236419695 0.4056803817084589 0.02248801237524778
126 0.9894008818542599 0.4298270342227518 0.02578260004146643
127 0.9527754011526995 0.5009776394433526 0.012113414519756227
128 0.9892149128348593 0.48124296896911717 0.023276210603495162
129 0.9620495350685403 0.4949672101373811 0.021491873180756405
130 0.9900030822586776 0.46421234955320095 0.003976994072903306
131 0.9872446957226243 0.526790481354688 0.02716679436690339
132 0.9900468436808089 0.4793011791739895 0.02578127009058384
133 0.9718462791596675 0.4640133387091679 0.030439924703965504
134 0.9623650877790801 0.48602374514661584 0.02402128667455178
135 0.9458200488061047 0.4552516348180399 0.04027505364867501
136 0.9822388042240874 0.48690561102063895 0.030439924703965504
137 0.9364068253816044 0.519705664674878 0.051025451989629766
138 0.9520324440278094 0.512660559219889 0.05645989719167638
139 0.9492516970075484 0.5729470469591532 0.008776933508067297
140 0.9544310070610593 0.5303702431697158 0.0024558681288243678
141 0.9895894893265993 0.4496163136682824 0.022431510302313995
142 0.9901841954762476 0.5053025161873179 0.056393238690297554
143 0.9770824312302191 0.5282073124357536 0.022095657116944667
144 0.9847029063585584 0.44430410815828425 0.021850960634957783
145 0.9621692089695375 0.5760510233051958 0.03195112909351
146 0.9594947479498461 0.5231885924592763 0.02301225258496381
147 0.9901957683706666 0.47500705035684804 0.008777118303491649
148 0.9888522737888025 0.5466132478339368 0.022407519261729292
149 0.9525754628526252 0.5154532580892272 0.022067884043116215
